<?xml version="1.0" encoding="UTF-8"?>
<!-- Generated by org.testng.reporters.JUnitReportReporter -->
<testsuite hostname="DESKTOP-EPG1R7F" failures="0" tests="1" name="com.actitime.testscript.CreateCustomer" time="0.033" errors="0" timestamp="2023-05-31T11:01:29 IST" skipped="0">
  <testcase classname="com.actitime.testscript.CreateCustomer" name="testCreateCustomer" time="0.033"/>
  <system-out>
    <![CDATA[Testing create customer]]>
  </system-out>
</testsuite> <!-- com.actitime.testscript.CreateCustomer -->
